0 info it worked if it ends with ok
1 verbose cli [ '/usr/bin/node', '/usr/bin/npm', 'run', 'build' ]
2 info using npm@3.5.2
3 info using node@v8.10.0
4 verbose run-script [ 'prebuild', 'build', 'postbuild' ]
5 info lifecycle svelte-app@1.0.0~prebuild: svelte-app@1.0.0
6 silly lifecycle svelte-app@1.0.0~prebuild: no script for prebuild, continuing
7 info lifecycle svelte-app@1.0.0~build: svelte-app@1.0.0
8 verbose lifecycle svelte-app@1.0.0~build: unsafe-perm in lifecycle true
9 verbose lifecycle svelte-app@1.0.0~build: PATH: /usr/share/npm/bin/node-gyp-bin:/mnt/e/G/Shared/Code/Practice/Svelte/Homepage/node_modules/.bin:/home/sam/.cargo/bin:/usr/local/sbin:/usr/local/bin:/usr/sbin:/usr/bin:/sbin:/bin:/usr/games:/usr/local/games:/mnt/c/Program Files (x86)/VMware/VMware Workstation/bin:/mnt/c/Python39/Scripts:/mnt/c/Python39:/mnt/c/Program Files/AdoptOpenJDK/jre-8.0.292.10-hotspot/bin:/mnt/c/Program Files/AdoptOpenJDK/jre-11.0.11.9-hotspot/bin:/mnt/c/Program Files (x86)/AdoptOpenJDK/jre-8.0.292.10-hotspot/bin:/mnt/c/Windows/System32:/mnt/c/Windows:/mnt/c/Windows/System32/wbem:/mnt/c/Windows/System32/WindowsPowerShell/v1.0:/mnt/c/Windows/System32/OpenSSH:/mnt/c/Program Files/PuTTY:/mnt/c/Program Files (x86)/NVIDIA Corporation/PhysX/Common:/mnt/c/Program Files/NVIDIA Corporation/NVIDIA NvDLISR:/mnt/c/Program Files/dotnet:/mnt/c/Program Files/Git/cmd:/mnt/c/ProgramData/chocolatey/bin:/mnt/c/Program Files/nodejs:/mnt/c/Users/Sam/.cargo/bin:/mnt/c/Users/Sam/AppData/Local/Microsoft/WindowsApps:/mnt/c/Users/Sam/AppData/Local/Programs/Microsoft VS Code/bin:/mnt/c/Users/Sam/.dotnet/tools:/mnt/c/Users/Sam/AppData/Roaming/npm:/mnt/c/Users/Sam/AppData/Local/GitHubDesktop/bin
10 verbose lifecycle svelte-app@1.0.0~build: CWD: /mnt/e/G/Shared/Code/Practice/Svelte/Homepage
11 silly lifecycle svelte-app@1.0.0~build: Args: [ '-c', 'rollup -c' ]
12 silly lifecycle svelte-app@1.0.0~build: Returned: code: 1  signal: null
13 info lifecycle svelte-app@1.0.0~build: Failed to exec build script
14 verbose stack Error: svelte-app@1.0.0 build: `rollup -c`
14 verbose stack Exit status 1
14 verbose stack     at EventEmitter.<anonymous> (/usr/share/npm/lib/utils/lifecycle.js:232:16)
14 verbose stack     at emitTwo (events.js:126:13)
14 verbose stack     at EventEmitter.emit (events.js:214:7)
14 verbose stack     at ChildProcess.<anonymous> (/usr/share/npm/lib/utils/spawn.js:24:14)
14 verbose stack     at emitTwo (events.js:126:13)
14 verbose stack     at ChildProcess.emit (events.js:214:7)
14 verbose stack     at maybeClose (internal/child_process.js:925:16)
14 verbose stack     at Process.ChildProcess._handle.onexit (internal/child_process.js:209:5)
15 verbose pkgid svelte-app@1.0.0
16 verbose cwd /mnt/e/G/Shared/Code/Practice/Svelte/Homepage
17 error Linux 4.4.0-17763-Microsoft
18 error argv "/usr/bin/node" "/usr/bin/npm" "run" "build"
19 error node v8.10.0
20 error npm  v3.5.2
21 error code ELIFECYCLE
22 error svelte-app@1.0.0 build: `rollup -c`
22 error Exit status 1
23 error Failed at the svelte-app@1.0.0 build script 'rollup -c'.
23 error Make sure you have the latest version of node.js and npm installed.
23 error If you do, this is most likely a problem with the svelte-app package,
23 error not with npm itself.
23 error Tell the author that this fails on your system:
23 error     rollup -c
23 error You can get information on how to open an issue for this project with:
23 error     npm bugs svelte-app
23 error Or if that isn't available, you can get their info via:
23 error     npm owner ls svelte-app
23 error There is likely additional logging output above.
24 verbose exit [ 1, true ]
